# JRE version: Java(TM) SE Runtime Environment (8.0_161-b12) (build 1.8.0_161-b12)
# Java VM: Java HotSpot(TM) 64-Bit Server VM (25.161-b12 mixed mode bsd-amd64 compressed oops)
Heap:
 PSYoungGen      total 244224K, used 102509K [0x0000000795580000, 0x00000007a9f80000, 0x00000007c0000000)
  eden space 231424K, 38% used [0x0000000795580000,0x000000079ad1d718,0x00000007a3780000)
  from space 12800K, 99% used [0x00000007a3780000,0x00000007a43fdea0,0x00000007a4400000)
  to   space 16896K, 0% used [0x00000007a8f00000,0x00000007a8f00000,0x00000007a9f80000)
 ParOldGen       total 78848K, used 23822K [0x0000000740000000, 0x0000000744d00000, 0x0000000795580000)
  object space 78848K, 30% used [0x0000000740000000,0x00000007417439e0,0x0000000744d00000)
 Metaspace       used 52393K, capacity 55175K, committed 55552K, reserved 1097728K
  class space    used 6790K, capacity 7307K, committed 7424K, reserved 1048576K
GC Heap History (10 events):
Event: 7.737 GC heap before
{Heap before GC invocations=7 (full 1):
 PSYoungGen      total 141824K, used 5685K [0x0000000795580000, 0x000000079e980000, 0x00000007c0000000)
  eden space 133120K, 0% used [0x0000000795580000,0x0000000795580000,0x000000079d780000)
  from space 8704K, 65% used [0x000000079e100000,0x000000079e68d588,0x000000079e980000)
  to   space 9216K, 0% used [0x000000079d780000,0x000000079d780000,0x000000079e080000)
 ParOldGen       total 87552K, used 7713K [0x0000000740000000, 0x0000000745580000, 0x0000000795580000)
  object space 87552K, 8% used [0x0000000740000000,0x0000000740788730,0x0000000745580000)
 Metaspace       used 20268K, capacity 21293K, committed 21296K, reserved 1067008K
  class space    used 2687K, capacity 2941K, committed 2944K, reserved 1048576K
Event: 7.801 GC heap after
Heap after GC invocations=7 (full 1):
 PSYoungGen      total 141824K, used 0K [0x0000000795580000, 0x000000079e980000, 0x00000007c0000000)
  eden space 133120K, 0% used [0x0000000795580000,0x0000000795580000,0x000000079d780000)
  from space 8704K, 0% used [0x000000079e100000,0x000000079e100000,0x000000079e980000)
  to   space 9216K, 0% used [0x000000079d780000,0x000000079d780000,0x000000079e080000)
 ParOldGen       total 50688K, used 6499K [0x0000000740000000, 0x0000000743180000, 0x0000000795580000)
  object space 50688K, 12% used [0x0000000740000000,0x0000000740658c08,0x0000000743180000)
 Metaspace       used 20268K, capacity 21293K, committed 21296K, reserved 1067008K
  class space    used 2687K, capacity 2941K, committed 2944K, reserved 1048576K
}
Event: 11.759 GC heap before
{Heap before GC invocations=8 (full 1):
 PSYoungGen      total 141824K, used 132926K [0x0000000795580000, 0x000000079e980000, 0x00000007c0000000)
  eden space 133120K, 99% used [0x0000000795580000,0x000000079d74f968,0x000000079d780000)
  from space 8704K, 0% used [0x000000079e100000,0x000000079e100000,0x000000079e980000)
  to   space 9216K, 0% used [0x000000079d780000,0x000000079d780000,0x000000079e080000)
 ParOldGen       total 50688K, used 6499K [0x0000000740000000, 0x0000000743180000, 0x0000000795580000)
  object space 50688K, 12% used [0x0000000740000000,0x0000000740658c08,0x0000000743180000)
 Metaspace       used 26177K, capacity 27997K, committed 28288K, reserved 1073152K
  class space    used 3547K, capacity 3891K, committed 3968K, reserved 1048576K
Event: 11.775 GC heap after
Heap after GC invocations=8 (full 1):
 PSYoungGen      total 142336K, used 9191K [0x0000000795580000, 0x00000007a4f80000, 0x00000007c0000000)
  eden space 133120K, 0% used [0x0000000795580000,0x0000000795580000,0x000000079d780000)
  from space 9216K, 99% used [0x000000079d780000,0x000000079e079c58,0x000000079e080000)
  to   space 10752K, 0% used [0x00000007a4500000,0x00000007a4500000,0x00000007a4f80000)
 ParOldGen       total 50688K, used 6970K [0x0000000740000000, 0x0000000743180000, 0x0000000795580000)
  object space 50688K, 13% used [0x0000000740000000,0x00000007406ce980,0x0000000743180000)
 Metaspace       used 26177K, capacity 27997K, committed 28288K, reserved 1073152K
  class space    used 3547K, capacity 3891K, committed 3968K, reserved 1048576K
}
Event: 13.799 GC heap before
{Heap before GC invocations=9 (full 1):
 PSYoungGen      total 142336K, used 90309K [0x0000000795580000, 0x00000007a4f80000, 0x00000007c0000000)
  eden space 133120K, 60% used [0x0000000795580000,0x000000079a4b7860,0x000000079d780000)
  from space 9216K, 99% used [0x000000079d780000,0x000000079e079c58,0x000000079e080000)
  to   space 10752K, 0% used [0x00000007a4500000,0x00000007a4500000,0x00000007a4f80000)
 ParOldGen       total 50688K, used 6970K [0x0000000740000000, 0x0000000743180000, 0x0000000795580000)
  object space 50688K, 13% used [0x0000000740000000,0x00000007406ce980,0x0000000743180000)
 Metaspace       used 33396K, capacity 35365K, committed 35496K, reserved 1079296K
  class space    used 4499K, capacity 4862K, committed 4864K, reserved 1048576K
Event: 13.828 GC heap after
Heap after GC invocations=9 (full 1):
 PSYoungGen      total 242176K, used 10724K [0x0000000795580000, 0x00000007a5080000, 0x00000007c0000000)
  eden space 231424K, 0% used [0x0000000795580000,0x0000000795580000,0x00000007a3780000)
  from space 10752K, 99% used [0x00000007a4500000,0x00000007a4f79148,0x00000007a4f80000)
  to   space 12800K, 0% used [0x00000007a3780000,0x00000007a3780000,0x00000007a4400000)
 ParOldGen       total 50688K, used 8684K [0x0000000740000000, 0x0000000743180000, 0x0000000795580000)
  object space 50688K, 17% used [0x0000000740000000,0x000000074087b008,0x0000000743180000)
 Metaspace       used 33396K, capacity 35365K, committed 35496K, reserved 1079296K
  class space    used 4499K, capacity 4862K, committed 4864K, reserved 1048576K
}
Event: 13.828 GC heap before
{Heap before GC invocations=10 (full 2):
 PSYoungGen      total 242176K, used 10724K [0x0000000795580000, 0x00000007a5080000, 0x00000007c0000000)
  eden space 231424K, 0% used [0x0000000795580000,0x0000000795580000,0x00000007a3780000)
  from space 10752K, 99% used [0x00000007a4500000,0x00000007a4f79148,0x00000007a4f80000)
  to   space 12800K, 0% used [0x00000007a3780000,0x00000007a3780000,0x00000007a4400000)
 ParOldGen       total 50688K, used 8684K [0x0000000740000000, 0x0000000743180000, 0x0000000795580000)
  object space 50688K, 17% used [0x0000000740000000,0x000000074087b008,0x0000000743180000)
 Metaspace       used 33396K, capacity 35365K, committed 35496K, reserved 1079296K
  class space    used 4499K, capacity 4862K, committed 4864K, reserved 1048576K
Event: 13.977 GC heap after
Heap after GC invocations=10 (full 2):
 PSYoungGen      total 242176K, used 0K [0x0000000795580000, 0x00000007a5080000, 0x00000007c0000000)
  eden space 231424K, 0% used [0x0000000795580000,0x0000000795580000,0x00000007a3780000)
  from space 10752K, 0% used [0x00000007a4500000,0x00000007a4500000,0x00000007a4f80000)
  to   space 12800K, 0% used [0x00000007a3780000,0x00000007a3780000,0x00000007a4400000)
 ParOldGen       total 78848K, used 18080K [0x0000000740000000, 0x0000000744d00000, 0x0000000795580000)
  object space 78848K, 22% used [0x0000000740000000,0x00000007411a82e8,0x0000000744d00000)
 Metaspace       used 33396K, capacity 35365K, committed 35496K, reserved 1079296K
  class space    used 4499K, capacity 4862K, committed 4864K, reserved 1048576K
}
Event: 58.492 GC heap before
{Heap before GC invocations=11 (full 2):
 PSYoungGen      total 242176K, used 231424K [0x0000000795580000, 0x00000007a5080000, 0x00000007c0000000)
  eden space 231424K, 100% used [0x0000000795580000,0x00000007a3780000,0x00000007a3780000)
  from space 10752K, 0% used [0x00000007a4500000,0x00000007a4500000,0x00000007a4f80000)
  to   space 12800K, 0% used [0x00000007a3780000,0x00000007a3780000,0x00000007a4400000)
 ParOldGen       total 78848K, used 18080K [0x0000000740000000, 0x0000000744d00000, 0x0000000795580000)
  object space 78848K, 22% used [0x0000000740000000,0x00000007411a82e8,0x0000000744d00000)
 Metaspace       used 50518K, capacity 53249K, committed 53504K, reserved 1095680K
  class space    used 6614K, capacity 7128K, committed 7168K, reserved 1048576K
Event: 58.531 GC heap after
Heap after GC invocations=11 (full 2):
 PSYoungGen      total 244224K, used 12791K [0x0000000795580000, 0x00000007a9f80000, 0x00000007c0000000)
  eden space 231424K, 0% used [0x0000000795580000,0x0000000795580000,0x00000007a3780000)
  from space 12800K, 99% used [0x00000007a3780000,0x00000007a43fdea0,0x00000007a4400000)
  to   space 16896K, 0% used [0x00000007a8f00000,0x00000007a8f00000,0x00000007a9f80000)
 ParOldGen       total 78848K, used 23822K [0x0000000740000000, 0x0000000744d00000, 0x0000000795580000)
  object space 78848K, 30% used [0x0000000740000000,0x00000007417439e0,0x0000000744d00000)
 Metaspace       used 50518K, capacity 53249K, committed 53504K, reserved 1095680K
  class space    used 6614K, capacity 7128K, committed 7168K, reserved 1048576K
}

